nohup: ignoring input
XXX: mpirun
  -> SHERPA path: '/cvmfs/cms.cern.ch/slc6_amd64_gcc700/external/sherpa/2.2.8-gnimlf2'
  -> SHERPA run path: '/home/pku/xiaoj/sherpa/20200622/CMSSW_10_2_20/src/A/B/python/SHERPATMP_ssww_mod4'
  -> PROCESS name: 'ssww_mod4'
  -> Library & cross section otions: 'LBCR'
  -> include path: '/home/pku/xiaoj/sherpa/20200622/CMSSW_10_2_20/src/A/B/python'
  -> custom data card file name: ''
  -> custom library file name: ''
  -> custom cross section file name: ''
  -> output path: '/home/pku/xiaoj/sherpa/20200622/CMSSW_10_2_20/src/A/B/python'
  -> MPI running command: 'mpirun'
  -> additional MPI options: '-n 28 '
  -> No. of events: '0'
 <I> multiple CPU cores detected: 33-1
 path '/home/pku/xiaoj/sherpa/20200622/CMSSW_10_2_20/src/A/B/python/SHERPATMP_ssww_mod4/TMP' does not exist,
  -> creating path '/home/pku/xiaoj/sherpa/20200622/CMSSW_10_2_20/src/A/B/python/SHERPATMP_ssww_mod4/TMP'
 <I> using COMIX/internal ME generator
 'Process' subdirectory does not exist and will be created
 'Result' subdirectory does not exist and will be created
 <I> Sherpa executable is /cvmfs/cms.cern.ch/slc6_amd64_gcc700/external/sherpa/2.2.8-gnimlf2/bin/Sherpa
 <I> creating library code...
     ...Logs stored in /home/pku/xiaoj/sherpa/20200622/CMSSW_10_2_20/src/A/B/python/SHERPATMP_ssww_mod4/sherpa_ssww_mod4_passLBCR.out and /home/pku/xiaoj/sherpa/20200622/CMSSW_10_2_20/src/A/B/python/SHERPATMP_ssww_mod4/sherpa_ssww_mod4_passLBCR.err.
Welcome to Sherpa, xiaoj. Initialization of framework underway.
The local time is Wed Jul  8 05:50:59 2020.
Run_Parameter::Init(): Seed mode '*'
Run_Parameter::Init(): Setting memory limit to 125.828 GB.
Random::SetSeed(): Seed set to 1234
-----------------------------------------------------------------------------
-----------    Event generation run with SHERPA started .......   -----------
-----------------------------------------------------------------------------
................................................ |       +                   
................................................ ||  |       +  +            
...................................        ....  | |         /   +           
................. ................   _,_ |  ....  ||         +|  +  +        
...............................  __.'  ,\|  ...  ||    /    +|          +    
.............................. (  \    \   ...  | |  |   + + \         +   
.............................  (    \   -/  .... ||       +    |          +  
........ ...................  <S   /()))))~~~~~~~~##     +     /\    +       
............................ (!H   (~~)))))~~~~~~#/     +  +    |  +         
................ ........... (!E   (~~~)))))     /|/    +         +          
............................ (!R   (~~~)))))   |||   + +            +        
..... ...................... (!P    (~~~~)))   /|  + +          +            
............................ (!A>    (~~~~~~~~~##        + +        +        
............................. ~~(!    '~~~~~~~ \       +     + +      +      
...............................  `~~~QQQQQDb //   |         + + +        +   
........................ ..........   IDDDDP||     \  + + + + +             +
....................................  IDDDI||       \                      + 
.................................... IHD HD||         \ + +  + + + + +      +
...................................  IHD ##|            :-) + +\          +  
......... ............... ......... IHI ## /      /   +  + + + +\       +    
................................... IHI/ /       /      + + + +        +     
................................... ## | | /    / + +      + + /      +      
....................... /TT\ .....  ##/ ///  / + + + + + + +/       +        
......................./TTT/T\ ... /TT\/\\\ / + + + + + + +/   \         +   
....................../TTT/TTTT\...|TT/T\\\/   +    ++  + /              
-----------------------------------------------------------------------------

     SHERPA version 2.2.8 (Cho Oyu)
                                                                             
     Authors:        Enrico Bothmann, Stefan Hoeche, Frank Krauss,           
                     Silvan Kuttimalai, Marek Schoenherr, Holger Schulz,     
                     Steffen Schumann, Frank Siegert, Korinna Zapp           
     Former Authors: Timo Fischer, Tanju Gleisberg, Hendrik Hoeth,           
                     Ralf Kuhn, Thomas Laubrich, Andreas Schaelicke,         
                     Jan Winter                                              
                                                                             
     This program uses a lot of genuine and original research work           
     by other people. Users are encouraged to refer to                       
     the various original publications.                                      
                                                                             
     Users are kindly asked to refer to the documentation                    
     published under JHEP 02(2009)007                                        
                                                                             
     Please visit also our homepage                                          
                                                                             
       http://sherpa.hepforge.org                                            
                                                                             
     for news, bugreports, updates and new releases.                         
                                                                             
-----------------------------------------------------------------------------

WARNING: You are using an unsupported development branch.
Git branch master, revision 6881713ab01a5b0b71db5e3d5db6895121272c0c.

Beam_Spectra_Handler : 
   type = Monochromatic*Monochromatic
   for    P+  ((6500,0,0,6500))
   and    P+  ((6500,0,0,-6500))
PDF set 'NNPDF31_nnlo_as_0118_mc_hessian_pdfas' loaded for beam 1 (P+).
PDF set 'NNPDF31_nnlo_as_0118_mc_hessian_pdfas' loaded for beam 2 (P+).
Initialized the ISR: (SF)*(SF)
One_Running_AlphaS::One_Running_AlphaS() {
  Setting \alpha_s according to PDF
  perturbative order 2
  \alpha_s(M_Z) = 0.118
}
One_Running_AlphaS::One_Running_AlphaS() {
  Setting \alpha_s according to PDF
  perturbative order 2
  \alpha_s(M_Z) = 0.118
}
 List of Particle Data 
  IDName     kfc  MASS[<kfc>]   WIDTH[<kfc>]  STABLE[<kfc>] MASSIVE[<kfc>]  ACTIVE[<kfc>]  YUKAWA[<kfc>]
       d       1         0.01              0              1              0              1              0
       u       2        0.005              0              1              0              1              0
       s       3          0.2              0              1              0              1              0
       c       4         1.42              0              1              0              1              0
       b       5          4.8              0              1              0              1              0
       t       6       173.21              2              0              1              1         173.21
      e-      11     0.000511              0              1              0              1              0
      ve      12            0              0              1              0              1              0
     mu-      13        0.105              0              1              0              1              0
     vmu      14            0              0              1              0              1              0
    tau-      15        1.777    2.26735e-12              0              0              1              0
    vtau      16            0              0              1              0              1              0
       G      21            0              0              1              0              1              0
       P      22            0              0              1              0              1              0
       Z      23      91.1876         2.4952              0              1              1        91.1876
      W+      24       80.385          2.085              0              1              1         80.385
      h0      25          125        0.00407              0              1              1            125

 List of Particle Containers 
    IDName     kfc     Constituents
         l      90     {e-,e+,mu-,mu+,tau-,tau+}
         v      91     {ve,veb,vmu,vmub,vtau,vtaub}
         j      93     {d,db,u,ub,s,sb,c,cb,b,bb,G}
         Q      94     {d,db,u,ub,s,sb,c,cb,b,bb}
         r      99     {d,db,u,ub,s,sb,c,cb,b,bb,G}

Initialized the Fragmentation_Handler.
Initialized the Soft_Collision_Handler.
CS_Shower::CS_Shower(): Set respect Q2 mode 0
CS_Shower::CS_Shower(): Set exclusive cluster mode 1.
CS_Shower::CS_Shower(): Set color setter mode 0
CS_Shower::CS_Shower(): Set respect Q2 mode 0
CS_Shower::CS_Shower(): Set exclusive cluster mode 1.
CS_Shower::CS_Shower(): Set color setter mode 0
Initialized the Shower_Handler.
Hard_Decay_Handler::SetDecayMasses(): Massive decay flavours: (c,cb,b,bb,e-,e+,mu-,mu+,tau-,tau+)
[34mHard_Decay_Handler::CustomizeDecayTables[0m:([32m"Ignoring unknown decay channel: 15,16,-12,11"[0m)
[34mHard_Decay_Handler::CustomizeDecayTables[0m:([32m"Ignoring unknown decay channel: 15,16,-14,13"[0m)
[34mHard_Decay_Handler::CustomizeDecayTables[0m:([32m"Ignoring unknown decay channel: -15,-16,12,-11"[0m)
[34mHard_Decay_Handler::CustomizeDecayTables[0m:([32m"Ignoring unknown decay channel: -15,-16,14,-13"[0m)

Decay table for : W+.
                 Total width: 2.0442 GeV
                Active width: 0.681391 GeV
               Flavour width: 2.085 GeV
----------------------------------------
24,2,-1           W+ --> u db              0.681726   GeV [disabled], BR= 33.3492 %
24,4,-3           W+ --> c sb              0.681088   GeV [disabled], BR= 33.318 %
24,12,-11         W+ --> ve e+             0.227242   GeV, BR= 11.1164 %
24,14,-13         W+ --> vmu mu+           0.227241   GeV, BR= 11.1163 %
24,16,-15         W+ --> vtau tau+         0.226909   GeV, BR= 11.1001 %
----------------------------------------

Decay table for : W-.
Total width:                  2.0442 GeV
Active width:                 0.681391 GeV
Flavour width:                2.085 GeV
----------------------------------------
-24,-2,1          W- --> ub d              0.681726   GeV [disabled], BR= 33.3492 %
-24,-4,3          W- --> cb s              0.681088   GeV [disabled], BR= 33.318 %
-24,-12,11        W- --> veb e-            0.227242   GeV, BR= 11.1164 %
-24,-14,13        W- --> vmub mu-          0.227241   GeV, BR= 11.1163 %
-24,-16,15        W- --> vtaub tau-        0.226909   GeV, BR= 11.1001 %
----------------------------------------

Decay table for : Z.
Total width:                  2.437 GeV
Flavour width:                2.4952 GeV
----------------------------------------
23,1,-1           Z --> d db               0.371675   GeV, BR= 15.2513 %
23,2,-2           Z --> u ub               0.289716   GeV, BR= 11.8882 %
23,3,-3           Z --> s sb               0.371675   GeV, BR= 15.2513 %
23,4,-4           Z --> c cb               0.289295   GeV, BR= 11.8709 %
23,5,-5           Z --> b bb               0.365513   GeV, BR= 14.9985 %
23,11,-11         Z --> e- e+              0.0839071  GeV, BR= 3.44304 %
23,12,-12         Z --> ve veb             0.165866   GeV, BR= 6.80614 %
23,13,-13         Z --> mu- mu+            0.0839064  GeV, BR= 3.44302 %
23,14,-14         Z --> vmu vmub           0.165866   GeV, BR= 6.80614 %
23,15,-15         Z --> tau- tau+          0.083716   GeV, BR= 3.4352 %
23,16,-16         Z --> vtau vtaub         0.165866   GeV, BR= 6.80614 %
23,-24,2,-1       Z --> W- u db            1.68214e-07(3.78279e-09) GeV, BR= 6.90248e-06 %
23,-24,4,-3       Z --> W- c sb            1.50469e-07(3.28367e-09) GeV, BR= 6.17436e-06 %
23,-24,12,-11     Z --> W- ve e+           5.62297e-08(1.23536e-09) GeV, BR= 2.30733e-06 %
23,-24,14,-13     Z --> W- vmu mu+         5.84189e-08(1.30246e-09) GeV, BR= 2.39716e-06 %
23,-24,16,-15     Z --> W- vtau tau+       4.54925e-08(9.71069e-10) GeV, BR= 1.86674e-06 %
23,24,-2,1        Z --> W+ ub d            1.68273e-07(3.81954e-09) GeV, BR= 6.90489e-06 %
23,24,-4,3        Z --> W+ cb s            1.46852e-07(3.20171e-09) GeV, BR= 6.02593e-06 %
23,24,-12,11      Z --> W+ veb e-          5.77982e-08(1.2853e-09) GeV, BR= 2.37169e-06 %
23,24,-14,13      Z --> W+ vmub mu-        5.82942e-08(1.29519e-09) GeV, BR= 2.39204e-06 %
23,24,-16,15      Z --> W+ vtaub tau-      4.55646e-08(9.83823e-10) GeV, BR= 1.8697e-06 %
----------------------------------------

Decay table for : h0.
Total width:                  0.00109702 GeV
Flavour width:                0.00407 GeV
----------------------------------------
25,-24,2,-1       h0 --> W- u db           0.000129768(9.98586e-07) GeV, BR= 11.8291 %
25,-24,4,-3       h0 --> W- c sb           0.000129759(9.76663e-07) GeV, BR= 11.8283 %
25,-24,12,-11     h0 --> W- ve e+          4.31272e-05(3.37187e-07) GeV, BR= 3.9313 %
25,-24,14,-13     h0 --> W- vmu mu+        4.36351e-05(3.3725e-07) GeV, BR= 3.97759 %
25,-24,16,-15     h0 --> W- vtau tau+      4.20763e-05(3.32879e-07) GeV, BR= 3.83549 %
25,24,-2,1        h0 --> W+ ub d           0.000130164(1.02439e-06) GeV, BR= 11.8652 %
25,24,-4,3        h0 --> W+ cb s           0.000127542(9.84299e-07) GeV, BR= 11.6262 %
25,24,-12,11      h0 --> W+ veb e-         4.40063e-05(3.33894e-07) GeV, BR= 4.01142 %
25,24,-14,13      h0 --> W+ vmub mu-       4.315e-05 (3.36702e-07) GeV, BR= 3.93337 %
25,24,-16,15      h0 --> W+ vtaub tau-     4.27353e-05(3.32772e-07) GeV, BR= 3.89556 %
25,23,1,-1        h0 --> Z d db            5.16927e-05(4.26492e-07) GeV, BR= 4.71209 %
25,23,2,-2        h0 --> Z u ub            4.04309e-05(3.18315e-07) GeV, BR= 3.68551 %
25,23,3,-3        h0 --> Z s sb            5.05281e-05(4.25127e-07) GeV, BR= 4.60593 %
25,23,4,-4        h0 --> Z c cb            3.88348e-05(3.19534e-07) GeV, BR= 3.54002 %
25,23,5,-5        h0 --> Z b bb            3.63412e-05(2.97189e-07) GeV, BR= 3.31271 %
25,23,11,-11      h0 --> Z e- e+           1.16972e-05(9.50864e-08) GeV, BR= 1.06627 %
25,23,12,-12      h0 --> Z ve veb          2.29127e-05(1.85463e-07) GeV, BR= 2.08862 %
25,23,13,-13      h0 --> Z mu- mu+         1.16972e-05(9.63117e-08) GeV, BR= 1.06627 %
25,23,14,-14      h0 --> Z vmu vmub        2.31465e-05(1.91488e-07) GeV, BR= 2.10994 %
25,23,15,-15      h0 --> Z tau- tau+       1.09331e-05(9.01405e-08) GeV, BR= 0.996617 %
25,23,16,-16      h0 --> Z vtau vtaub      2.28464e-05(1.8658e-07) GeV, BR= 2.08258 %
----------------------------------------

Decay table for : t.
Total width:                  1.49526 GeV
Flavour width:                2 GeV
----------------------------------------
6,24,5            t --> W+ b               1.49526    GeV, BR= 100   %
----------------------------------------

Decay table for : tb.
Total width:                  1.49526 GeV
Flavour width:                2 GeV
----------------------------------------
-6,-24,-5         tb --> W- bb             1.49526    GeV, BR= 100   %
----------------------------------------


+-----------------------------------------+
|   X   X   X XXXX  XXX  XXX  XXX         |
|  X X  XX XX X    X      X  X     X   X  |
| X   X X X X XXX  X XXX  X  X    XXX XXX |
| XXXXX X   X X    X   X  X  X     X   X  |
| X   X X   X XXXX  XXX  XXX  XXX         |
+-----------------------------------------+
| please cite: JHEP 0202:044,2002         |
+-----------------------------------------+
ME_Generator_Base::SetPSMasses(): Massive PS flavours for Comix: (c,cb,b,bb,e-,e+,mu-,mu+,tau-,tau+)
+----------------------------------+
|                                  |
|      [31mCCC[0m  [32mOOO[0m  [34mM[0m   [34mM[0m I [33mX[0m   [33mX[0m     |
|     [31mC[0m    [32mO[0m   [32mO[0m [34mMM[0m [34mMM[0m I  [33mX[0m [33mX[0m      |
|     [31mC[0m    [32mO[0m   [32mO[0m [34mM[0m [34mM[0m [34mM[0m I   [33mX[0m       |
|     [31mC[0m    [32mO[0m   [32mO[0m [34mM[0m   [34mM[0m I  [33mX[0m [33mX[0m      |
|      [31mCCC[0m  [32mOOO[0m  [34mM[0m   [34mM[0m I [33mX[0m   [33mX[0m     |
|                                  |
+==================================+
|  Color dressed  Matrix Elements  |
|     http://comix.freacafe.de     |
|   please cite  JHEP12(2008)039   |
+----------------------------------+
ME_Generator_Base::SetPSMasses(): Massive PS flavours for Amegic: (c,cb,b,bb,e-,e+,mu-,mu+,tau-,tau+)
Amegic::Initialize(): Set gauge 1.
ME_Generator_Base::SetPSMasses(): Massive PS flavours for Internal: (c,cb,b,bb,e-,e+,mu-,mu+,tau-,tau+)
Matrix_Element_Handler::BuildProcesses(): Looking for processes IO_Handler::SetFileNameRO: /home/pku/xiaoj/sherpa/20200622/CMSSW_10_2_20/src/A/B/python/SHERPATMP_ssww_mod4/TMP/Process/Amegic/P2_4/2_4__db__db__W+__W+__ub__ub.col not available.
AMEGIC::Single_Process::Tests for 2_4__db__db__W+__W+__ub__ub
   Prepare gauge test and init helicity amplitudes. This may take some time.
WARNING:  Gauge test not satisfied: 2.03791e-11 vs. 2.03791e-11 : 3.5052e-10%
Gauge(1): 2.03791e-11
Gauge(2): 2.03791e-11
In String_Handler::Complete : this may take some time....
AMEGIC::Single_Process::CheckLibraries : Looking for a suitable library. This may take some time.
Library_Loader::LoadLibrary(): Failed to load library 'libProc_P2_4.so'.
AMEGIC::Single_Process::WriteLibrary : 
   Library for 2_4__db__db__W+__W+__ub__ub has been written, name is 2_4__db__db__Wp__Wp__ub__ub
IO_Handler::SetFileNameRO: /home/pku/xiaoj/sherpa/20200622/CMSSW_10_2_20/src/A/B/python/SHERPATMP_ssww_mod4/TMP/Process/Amegic/P2_4/2_4__db__u__W+__W+__d__ub.col not available.
AMEGIC::Single_Process::Tests for 2_4__db__u__W+__W+__d__ub
   Prepare gauge test and init helicity amplitudes. This may take some time.
In String_Handler::Complete : this may take some time....
AMEGIC::Single_Process::CheckLibraries : Looking for a suitable library. This may take some time.
Library_Loader::LoadLibrary(): Failed to load library 'libProc_P2_4.so'.
AMEGIC::Single_Process::WriteLibrary : 
   Library for 2_4__db__u__W+__W+__d__ub has been written, name is 2_4__db__u__Wp__Wp__d__ub
IO_Handler::SetFileNameRO: /home/pku/xiaoj/sherpa/20200622/CMSSW_10_2_20/src/A/B/python/SHERPATMP_ssww_mod4/TMP/Process/Amegic/P2_4/2_4__db__u__W+__W+__s__cb.col not available.
AMEGIC::Single_Process::Tests for 2_4__db__u__W+__W+__s__cb
   Prepare gauge test and init helicity amplitudes. This may take some time.
In String_Handler::Complete : this may take some time....
AMEGIC::Single_Process::CheckLibraries : Looking for a suitable library. This may take some time.
Library_Loader::LoadLibrary(): Failed to load library 'libProc_P2_4.so'.
AMEGIC::Single_Process::WriteLibrary : 
   Library for 2_4__db__u__W+__W+__s__cb has been written, name is 2_4__db__u__Wp__Wp__s__cb
IO_Handler::SetFileNameRO: /home/pku/xiaoj/sherpa/20200622/CMSSW_10_2_20/src/A/B/python/SHERPATMP_ssww_mod4/TMP/Process/Amegic/P2_4/2_4__db__sb__W+__W+__ub__cb.col not available.
AMEGIC::Single_Process::Tests for 2_4__db__sb__W+__W+__ub__cb
   Prepare gauge test and init helicity amplitudes. This may take some time.
WARNING:  Gauge test not satisfied: 2.00067e-11 vs. 2.00067e-11 : 2.84417e-10%
Gauge(1): 2.00067e-11
Gauge(2): 2.00067e-11
In String_Handler::Complete : this may take some time....
AMEGIC::Single_Process::CheckLibraries : Looking for a suitable library. This may take some time.
Library_Loader::LoadLibrary(): Failed to load library 'libProc_P2_4.so'.
AMEGIC::Single_Process::WriteLibrary : 
   Library for 2_4__db__sb__W+__W+__ub__cb has been written, name is 2_4__db__sb__Wp__Wp__ub__cb
IO_Handler::SetFileNameRO: /home/pku/xiaoj/sherpa/20200622/CMSSW_10_2_20/src/A/B/python/SHERPATMP_ssww_mod4/TMP/Process/Amegic/P2_4/2_4__db__c__W+__W+__s__ub.col not available.
AMEGIC::Single_Process::Tests for 2_4__db__c__W+__W+__s__ub
   Prepare gauge test and init helicity amplitudes. This may take some time.
In String_Handler::Complete : this may take some time....
AMEGIC::Single_Process::CheckLibraries : Looking for a suitable library. This may take some time.
Library_Loader::LoadLibrary(): Failed to load library 'libProc_P2_4.so'.
AMEGIC::Single_Process::WriteLibrary : 
   Library for 2_4__db__c__W+__W+__s__ub has been written, name is 2_4__db__c__Wp__Wp__s__ub
IO_Handler::SetFileNameRO: /home/pku/xiaoj/sherpa/20200622/CMSSW_10_2_20/src/A/B/python/SHERPATMP_ssww_mod4/TMP/Process/Amegic/P2_4/2_4__u__db__W+__W+__d__ub.col not available.
AMEGIC::Single_Process::Tests for 2_4__u__db__W+__W+__d__ub
   Prepare gauge test and init helicity amplitudes. This may take some time.
WARNING:  Gauge test not satisfied: 1.32019e-11 vs. 1.32019e-11 : 2.17892e-10%
Gauge(1): 1.32019e-11
Gauge(2): 1.32019e-11
In String_Handler::Complete : this may take some time....
AMEGIC::Single_Process::CheckLibraries : Looking for a suitable library. This may take some time.
Library_Loader::LoadLibrary(): Failed to load library 'libProc_P2_4.so'.
AMEGIC::Single_Process::WriteLibrary : 
   Library for 2_4__u__db__W+__W+__d__ub has been written, name is 2_4__u__db__Wp__Wp__d__ub
IO_Handler::SetFileNameRO: /home/pku/xiaoj/sherpa/20200622/CMSSW_10_2_20/src/A/B/python/SHERPATMP_ssww_mod4/TMP/Process/Amegic/P2_4/2_4__u__db__W+__W+__s__cb.col not available.
AMEGIC::Single_Process::Tests for 2_4__u__db__W+__W+__s__cb
   Prepare gauge test and init helicity amplitudes. This may take some time.
In String_Handler::Complete : this may take some time....
AMEGIC::Single_Process::CheckLibraries : Looking for a suitable library. This may take some time.
Library_Loader::LoadLibrary(): Failed to load library 'libProc_P2_4.so'.
AMEGIC::Single_Process::WriteLibrary : 
   Library for 2_4__u__db__W+__W+__s__cb has been written, name is 2_4__u__db__Wp__Wp__s__cb
IO_Handler::SetFileNameRO: /home/pku/xiaoj/sherpa/20200622/CMSSW_10_2_20/src/A/B/python/SHERPATMP_ssww_mod4/TMP/Process/Amegic/P2_4/2_4__u__u__W+__W+__d__d.col not available.
AMEGIC::Single_Process::Tests for 2_4__u__u__W+__W+__d__d
   Prepare gauge test and init helicity amplitudes. This may take some time.
WARNING:  Gauge test not satisfied: 2.04916e-11 vs. 2.04916e-11 : 3.86502e-10%
Gauge(1): 2.04916e-11
Gauge(2): 2.04916e-11
In String_Handler::Complete : this may take some time....
AMEGIC::Single_Process::CheckLibraries : Looking for a suitable library. This may take some time.
Library_Loader::LoadLibrary(): Failed to load library 'libProc_P2_4.so'.
AMEGIC::Single_Process::WriteLibrary : 
   Library for 2_4__u__u__W+__W+__d__d has been written, name is 2_4__u__u__Wp__Wp__d__d
IO_Handler::SetFileNameRO: /home/pku/xiaoj/sherpa/20200622/CMSSW_10_2_20/src/A/B/python/SHERPATMP_ssww_mod4/TMP/Process/Amegic/P2_4/2_4__u__sb__W+__W+__d__cb.col not available.
AMEGIC::Single_Process::Tests for 2_4__u__sb__W+__W+__d__cb
   Prepare gauge test and init helicity amplitudes. This may take some time.
WARNING:  Gauge test not satisfied: 9.3652e-12 vs. 9.3652e-12 : 3.07598e-10%
Gauge(1): 9.3652e-12
Gauge(2): 9.3652e-12
In String_Handler::Complete : this may take some time....
AMEGIC::Single_Process::CheckLibraries : Looking for a suitable library. This may take some time.
Library_Loader::LoadLibrary(): Failed to load library 'libProc_P2_4.so'.
AMEGIC::Single_Process::WriteLibrary : 
   Library for 2_4__u__sb__W+__W+__d__cb has been written, name is 2_4__u__sb__Wp__Wp__d__cb
IO_Handler::SetFileNameRO: /home/pku/xiaoj/sherpa/20200622/CMSSW_10_2_20/src/A/B/python/SHERPATMP_ssww_mod4/TMP/Process/Amegic/P2_4/2_4__u__c__W+__W+__d__s.col not available.
AMEGIC::Single_Process::Tests for 2_4__u__c__W+__W+__d__s
   Prepare gauge test and init helicity amplitudes. This may take some time.
WARNING:  Gauge test not satisfied: 2.00145e-11 vs. 2.00145e-11 : 4.63418e-10%
Gauge(1): 2.00145e-11
Gauge(2): 2.00145e-11
In String_Handler::Complete : this may take some time....
AMEGIC::Single_Process::CheckLibraries : Looking for a suitable library. This may take some time.
Library_Loader::LoadLibrary(): Failed to load library 'libProc_P2_4.so'.
AMEGIC::Single_Process::WriteLibrary : 
   Library for 2_4__u__c__W+__W+__d__s has been written, name is 2_4__u__c__Wp__Wp__d__s
IO_Handler::SetFileNameRO: /home/pku/xiaoj/sherpa/20200622/CMSSW_10_2_20/src/A/B/python/SHERPATMP_ssww_mod4/TMP/Process/Amegic/P2_4/2_4__sb__db__W+__W+__ub__cb.col not available.
AMEGIC::Single_Process::Tests for 2_4__sb__db__W+__W+__ub__cb
   Prepare gauge test and init helicity amplitudes. This may take some time.
In String_Handler::Complete : this may take some time....
AMEGIC::Single_Process::CheckLibraries : Looking for a suitable library. This may take some time.
Library_Loader::LoadLibrary(): Failed to load library 'libProc_P2_4.so'.
AMEGIC::Single_Process::WriteLibrary : 
   Library for 2_4__sb__db__W+__W+__ub__cb has been written, name is 2_4__sb__db__Wp__Wp__ub__cb
IO_Handler::SetFileNameRO: /home/pku/xiaoj/sherpa/20200622/CMSSW_10_2_20/src/A/B/python/SHERPATMP_ssww_mod4/TMP/Process/Amegic/P2_4/2_4__c__u__W+__W+__d__s.col not available.
AMEGIC::Single_Process::Tests for 2_4__c__u__W+__W+__d__s
   Prepare gauge test and init helicity amplitudes. This may take some time.
In String_Handler::Complete : this may take some time....
AMEGIC::Single_Process::CheckLibraries : Looking for a suitable library. This may take some time.
Library_Loader::LoadLibrary(): Failed to load library 'libProc_P2_4.so'.
AMEGIC::Single_Process::WriteLibrary : 
   Library for 2_4__c__u__W+__W+__d__s has been written, name is 2_4__c__u__Wp__Wp__d__s
IO_Handler::SetFileNameRO: /home/pku/xiaoj/sherpa/20200622/CMSSW_10_2_20/src/A/B/python/SHERPATMP_ssww_mod4/TMP/Process/Amegic/P2_4/2_4__d__d__W-__W-__u__u.col not available.
AMEGIC::Single_Process::Tests for 2_4__d__d__W-__W-__u__u
   Prepare gauge test and init helicity amplitudes. This may take some time.
In String_Handler::Complete : this may take some time....
AMEGIC::Single_Process::CheckLibraries : Looking for a suitable library. This may take some time.
Library_Loader::LoadLibrary(): Failed to load library 'libProc_P2_4.so'.
AMEGIC::Single_Process::WriteLibrary : 
   Library for 2_4__d__d__W-__W-__u__u has been written, name is 2_4__d__d__Wm__Wm__u__u
IO_Handler::SetFileNameRO: /home/pku/xiaoj/sherpa/20200622/CMSSW_10_2_20/src/A/B/python/SHERPATMP_ssww_mod4/TMP/Process/Amegic/P2_4/2_4__d__ub__W-__W-__u__db.col not available.
AMEGIC::Single_Process::Tests for 2_4__d__ub__W-__W-__u__db
   Prepare gauge test and init helicity amplitudes. This may take some time.
In String_Handler::Complete : this may take some time....
AMEGIC::Single_Process::CheckLibraries : Looking for a suitable library. This may take some time.
Library_Loader::LoadLibrary(): Failed to load library 'libProc_P2_4.so'.
AMEGIC::Single_Process::WriteLibrary : 
   Library for 2_4__d__ub__W-__W-__u__db has been written, name is 2_4__d__ub__Wm__Wm__u__db
IO_Handler::SetFileNameRO: /home/pku/xiaoj/sherpa/20200622/CMSSW_10_2_20/src/A/B/python/SHERPATMP_ssww_mod4/TMP/Process/Amegic/P2_4/2_4__d__ub__W-__W-__c__sb.col not available.
AMEGIC::Single_Process::Tests for 2_4__d__ub__W-__W-__c__sb
   Prepare gauge test and init helicity amplitudes. This may take some time.
In String_Handler::Complete : this may take some time....
AMEGIC::Single_Process::CheckLibraries : Looking for a suitable library. This may take some time.
Library_Loader::LoadLibrary(): Failed to load library 'libProc_P2_4.so'.
AMEGIC::Single_Process::WriteLibrary : 
   Library for 2_4__d__ub__W-__W-__c__sb has been written, name is 2_4__d__ub__Wm__Wm__c__sb
IO_Handler::SetFileNameRO: /home/pku/xiaoj/sherpa/20200622/CMSSW_10_2_20/src/A/B/python/SHERPATMP_ssww_mod4/TMP/Process/Amegic/P2_4/2_4__d__s__W-__W-__u__c.col not available.
AMEGIC::Single_Process::Tests for 2_4__d__s__W-__W-__u__c
   Prepare gauge test and init helicity amplitudes. This may take some time.
In String_Handler::Complete : this may take some time....
AMEGIC::Single_Process::CheckLibraries : Looking for a suitable library. This may take some time.
Library_Loader::LoadLibrary(): Failed to load library 'libProc_P2_4.so'.
AMEGIC::Single_Process::WriteLibrary : 
   Library for 2_4__d__s__W-__W-__u__c has been written, name is 2_4__d__s__Wm__Wm__u__c
IO_Handler::SetFileNameRO: /home/pku/xiaoj/sherpa/20200622/CMSSW_10_2_20/src/A/B/python/SHERPATMP_ssww_mod4/TMP/Process/Amegic/P2_4/2_4__d__cb__W-__W-__u__sb.col not available.
AMEGIC::Single_Process::Tests for 2_4__d__cb__W-__W-__u__sb
   Prepare gauge test and init helicity amplitudes. This may take some time.
In String_Handler::Complete : this may take some time....
AMEGIC::Single_Process::CheckLibraries : Looking for a suitable library. This may take some time.
Library_Loader::LoadLibrary(): Failed to load library 'libProc_P2_4.so'.
AMEGIC::Single_Process::WriteLibrary : 
   Library for 2_4__d__cb__W-__W-__u__sb has been written, name is 2_4__d__cb__Wm__Wm__u__sb
IO_Handler::SetFileNameRO: /home/pku/xiaoj/sherpa/20200622/CMSSW_10_2_20/src/A/B/python/SHERPATMP_ssww_mod4/TMP/Process/Amegic/P2_4/2_4__ub__d__W-__W-__u__db.col not available.
AMEGIC::Single_Process::Tests for 2_4__ub__d__W-__W-__u__db
   Prepare gauge test and init helicity amplitudes. This may take some time.
In String_Handler::Complete : this may take some time....
AMEGIC::Single_Process::CheckLibraries : Looking for a suitable library. This may take some time.
Library_Loader::LoadLibrary(): Failed to load library 'libProc_P2_4.so'.
AMEGIC::Single_Process::WriteLibrary : 
   Library for 2_4__ub__d__W-__W-__u__db has been written, name is 2_4__ub__d__Wm__Wm__u__db
IO_Handler::SetFileNameRO: /home/pku/xiaoj/sherpa/20200622/CMSSW_10_2_20/src/A/B/python/SHERPATMP_ssww_mod4/TMP/Process/Amegic/P2_4/2_4__ub__d__W-__W-__c__sb.col not available.
AMEGIC::Single_Process::Tests for 2_4__ub__d__W-__W-__c__sb
   Prepare gauge test and init helicity amplitudes. This may take some time.
In String_Handler::Complete : this may take some time....
AMEGIC::Single_Process::CheckLibraries : Looking for a suitable library. This may take some time.
Library_Loader::LoadLibrary(): Failed to load library 'libProc_P2_4.so'.
AMEGIC::Single_Process::WriteLibrary : 
   Library for 2_4__ub__d__W-__W-__c__sb has been written, name is 2_4__ub__d__Wm__Wm__c__sb
IO_Handler::SetFileNameRO: /home/pku/xiaoj/sherpa/20200622/CMSSW_10_2_20/src/A/B/python/SHERPATMP_ssww_mod4/TMP/Process/Amegic/P2_4/2_4__ub__ub__W-__W-__db__db.col not available.
AMEGIC::Single_Process::Tests for 2_4__ub__ub__W-__W-__db__db
   Prepare gauge test and init helicity amplitudes. This may take some time.
In String_Handler::Complete : this may take some time....
AMEGIC::Single_Process::CheckLibraries : Looking for a suitable library. This may take some time.
Library_Loader::LoadLibrary(): Failed to load library 'libProc_P2_4.so'.
AMEGIC::Single_Process::WriteLibrary : 
   Library for 2_4__ub__ub__W-__W-__db__db has been written, name is 2_4__ub__ub__Wm__Wm__db__db
IO_Handler::SetFileNameRO: /home/pku/xiaoj/sherpa/20200622/CMSSW_10_2_20/src/A/B/python/SHERPATMP_ssww_mod4/TMP/Process/Amegic/P2_4/2_4__ub__s__W-__W-__c__db.col not available.
AMEGIC::Single_Process::Tests for 2_4__ub__s__W-__W-__c__db
   Prepare gauge test and init helicity amplitudes. This may take some time.
In String_Handler::Complete : this may take some time....
AMEGIC::Single_Process::CheckLibraries : Looking for a suitable library. This may take some time.
Library_Loader::LoadLibrary(): Failed to load library 'libProc_P2_4.so'.
AMEGIC::Single_Process::WriteLibrary : 
   Library for 2_4__ub__s__W-__W-__c__db has been written, name is 2_4__ub__s__Wm__Wm__c__db
IO_Handler::SetFileNameRO: /home/pku/xiaoj/sherpa/20200622/CMSSW_10_2_20/src/A/B/python/SHERPATMP_ssww_mod4/TMP/Process/Amegic/P2_4/2_4__ub__cb__W-__W-__db__sb.col not available.
AMEGIC::Single_Process::Tests for 2_4__ub__cb__W-__W-__db__sb
   Prepare gauge test and init helicity amplitudes. This may take some time.
In String_Handler::Complete : this may take some time....
AMEGIC::Single_Process::CheckLibraries : Looking for a suitable library. This may take some time.
Library_Loader::LoadLibrary(): Failed to load library 'libProc_P2_4.so'.
AMEGIC::Single_Process::WriteLibrary : 
   Library for 2_4__ub__cb__W-__W-__db__sb has been written, name is 2_4__ub__cb__Wm__Wm__db__sb
IO_Handler::SetFileNameRO: /home/pku/xiaoj/sherpa/20200622/CMSSW_10_2_20/src/A/B/python/SHERPATMP_ssww_mod4/TMP/Process/Amegic/P2_4/2_4__s__d__W-__W-__u__c.col not available.
AMEGIC::Single_Process::Tests for 2_4__s__d__W-__W-__u__c
   Prepare gauge test and init helicity amplitudes. This may take some time.
In String_Handler::Complete : this may take some time....
AMEGIC::Single_Process::CheckLibraries : Looking for a suitable library. This may take some time.
Library_Loader::LoadLibrary(): Failed to load library 'libProc_P2_4.so'.
AMEGIC::Single_Process::WriteLibrary : 
   Library for 2_4__s__d__W-__W-__u__c has been written, name is 2_4__s__d__Wm__Wm__u__c
IO_Handler::SetFileNameRO: /home/pku/xiaoj/sherpa/20200622/CMSSW_10_2_20/src/A/B/python/SHERPATMP_ssww_mod4/TMP/Process/Amegic/P2_4/2_4__cb__ub__W-__W-__db__sb.col not available.
AMEGIC::Single_Process::Tests for 2_4__cb__ub__W-__W-__db__sb
   Prepare gauge test and init helicity amplitudes. This may take some time.
In String_Handler::Complete : this may take some time....
AMEGIC::Single_Process::CheckLibraries : Looking for a suitable library. This may take some time.
Library_Loader::LoadLibrary(): Failed to load library 'libProc_P2_4.so'.
AMEGIC::Single_Process::WriteLibrary : 
   Library for 2_4__cb__ub__W-__W-__db__sb has been written, name is 2_4__cb__ub__Wm__Wm__db__sb
 done ( 219 MB, 1m 51s / 1m 42s ).
[1mSherpa: [0m[34mMatrix_Element_Handler::InitializeProcesses[0m throws [1m[31mnormal exit[0m[1m: 
   [0m[31mSource code created. Run './makelibs' to compile.[0m
WARNING: You are using an unsupported development branch.
------------------------------------------------------------------------
[1mPlease cite the publications listed in '[31mSherpa_References.tex[0m[1m'.[0m
  Extract the bibtex list by running 'get_bibtex Sherpa_References.tex'
  or email the file to 'slaclib2@slac.stanford.edu', subject 'generate'.
------------------------------------------------------------------------
Thanks for using LHAPDF 6.2.1. Please make sure to cite the paper:
  Eur.Phys.J. C75 (2015) 3, 132  (http://arxiv.org/abs/1412.7420)
 <I> calculating cross sections... Logs stored in /home/pku/xiaoj/sherpa/20200622/CMSSW_10_2_20/src/A/B/python/SHERPATMP_ssww_mod4/sherpa_ssww_mod4_passLBCR.out and /home/pku/xiaoj/sherpa/20200622/CMSSW_10_2_20/src/A/B/python/SHERPATMP_ssww_mod4/sherpa_ssww_mod4_passLBCR.err.
 <I> ...using MPI
Welcome to Sherpa, xiaoj. Initialization of framework underway.
The local time is Wed Jul  8 05:52:53 2020.
Run_Parameter::Init(): Seed mode '*'
Run_Parameter::Init(): Setting memory limit to 125.828 GB.
Random::SetSeed(): Seed set to 1234
My_MPI::PrintRankInfo(): Running on 28 ranks.
-----------------------------------------------------------------------------
-----------    Event generation run with SHERPA started .......   -----------
-----------------------------------------------------------------------------
................................................ |       +                   
................................................ ||  |       +  +            
...................................        ....  | |         /   +           
................. ................   _,_ |  ....  ||         +|  +  +        
...............................  __.'  ,\|  ...  ||    /    +|          +    
.............................. (  \    \   ...  | |  |   + + \         +   
.............................  (    \   -/  .... ||       +    |          +  
........ ...................  <S   /()))))~~~~~~~~##     +     /\    +       
............................ (!H   (~~)))))~~~~~~#/     +  +    |  +         
................ ........... (!E   (~~~)))))     /|/    +         +          
............................ (!R   (~~~)))))   |||   + +            +        
..... ...................... (!P    (~~~~)))   /|  + +          +            
............................ (!A>    (~~~~~~~~~##        + +        +        
............................. ~~(!    '~~~~~~~ \       +     + +      +      
...............................  `~~~QQQQQDb //   |         + + +        +   
........................ ..........   IDDDDP||     \  + + + + +             +
....................................  IDDDI||       \                      + 
.................................... IHD HD||         \ + +  + + + + +      +
...................................  IHD ##|            :-) + +\          +  
......... ............... ......... IHI ## /      /   +  + + + +\       +    
................................... IHI/ /       /      + + + +        +     
................................... ## | | /    / + +      + + /      +      
....................... /TT\ .....  ##/ ///  / + + + + + + +/       +        
......................./TTT/T\ ... /TT\/\\\ / + + + + + + +/   \         +   
....................../TTT/TTTT\...|TT/T\\\/   +    ++  + /              
-----------------------------------------------------------------------------

     SHERPA version 2.2.8 (Cho Oyu)
                                                                             
     Authors:        Enrico Bothmann, Stefan Hoeche, Frank Krauss,           
                     Silvan Kuttimalai, Marek Schoenherr, Holger Schulz,     
                     Steffen Schumann, Frank Siegert, Korinna Zapp           
     Former Authors: Timo Fischer, Tanju Gleisberg, Hendrik Hoeth,           
                     Ralf Kuhn, Thomas Laubrich, Andreas Schaelicke,         
                     Jan Winter                                              
                                                                             
     This program uses a lot of genuine and original research work           
     by other people. Users are encouraged to refer to                       
     the various original publications.                                      
                                                                             
     Users are kindly asked to refer to the documentation                    
     published under JHEP 02(2009)007                                        
                                                                             
     Please visit also our homepage                                          
                                                                             
       http://sherpa.hepforge.org                                            
                                                                             
     for news, bugreports, updates and new releases.                         
                                                                             
-----------------------------------------------------------------------------

WARNING: You are using an unsupported development branch.
Git branch master, revision 6881713ab01a5b0b71db5e3d5db6895121272c0c.

Beam_Spectra_Handler : 
   type = Monochromatic*Monochromatic
   for    P+  ((6500,0,0,6500))
   and    P+  ((6500,0,0,-6500))
PDF set 'NNPDF31_nnlo_as_0118_mc_hessian_pdfas' loaded for beam 1 (P+).
PDF set 'NNPDF31_nnlo_as_0118_mc_hessian_pdfas' loaded for beam 2 (P+).
Initialized the ISR: (SF)*(SF)
One_Running_AlphaS::One_Running_AlphaS() {
  Setting \alpha_s according to PDF
  perturbative order 2
  \alpha_s(M_Z) = 0.118
}
One_Running_AlphaS::One_Running_AlphaS() {
  Setting \alpha_s according to PDF
  perturbative order 2
  \alpha_s(M_Z) = 0.118
}
 List of Particle Data 
  IDName     kfc  MASS[<kfc>]   WIDTH[<kfc>]  STABLE[<kfc>] MASSIVE[<kfc>]  ACTIVE[<kfc>]  YUKAWA[<kfc>]
       d       1         0.01              0              1              0              1              0
       u       2        0.005              0              1              0              1              0
       s       3          0.2              0              1              0              1              0
       c       4         1.42              0              1              0              1              0
       b       5          4.8              0              1              0              1              0
       t       6       173.21              2              0              1              1         173.21
      e-      11     0.000511              0              1              0              1              0
      ve      12            0              0              1              0              1              0
     mu-      13        0.105              0              1              0              1              0
     vmu      14            0              0              1              0              1              0
    tau-      15        1.777    2.26735e-12              0              0              1              0
    vtau      16            0              0              1              0              1              0
       G      21            0              0              1              0              1              0
       P      22            0              0              1              0              1              0
       Z      23      91.1876         2.4952              0              1              1        91.1876
      W+      24       80.385          2.085              0              1              1         80.385
      h0      25          125        0.00407              0              1              1            125

 List of Particle Containers 
    IDName     kfc     Constituents
         l      90     {e-,e+,mu-,mu+,tau-,tau+}
         v      91     {ve,veb,vmu,vmub,vtau,vtaub}
         j      93     {d,db,u,ub,s,sb,c,cb,b,bb,G}
         Q      94     {d,db,u,ub,s,sb,c,cb,b,bb}
         r      99     {d,db,u,ub,s,sb,c,cb,b,bb,G}

CS_Shower::CS_Shower(): Set respect Q2 mode 0
CS_Shower::CS_Shower(): Set exclusive cluster mode 1.
CS_Shower::CS_Shower(): Set color setter mode 0
CS_Shower::CS_Shower(): Set respect Q2 mode 0
CS_Shower::CS_Shower(): Set exclusive cluster mode 1.
CS_Shower::CS_Shower(): Set color setter mode 0
Initialized the Shower_Handler.
Hard_Decay_Handler::SetDecayMasses(): Massive decay flavours: (c,cb,b,bb,e-,e+,mu-,mu+,tau-,tau+)
[34mHard_Decay_Handler::CustomizeDecayTables[0m:([32m"Ignoring unknown decay channel: 15,16,-12,11"[0m)
[34mHard_Decay_Handler::CustomizeDecayTables[0m:([32m"Ignoring unknown decay channel: 15,16,-14,13"[0m)
[34mHard_Decay_Handler::CustomizeDecayTables[0m:([32m"Ignoring unknown decay channel: -15,-16,12,-11"[0m)
[34mHard_Decay_Handler::CustomizeDecayTables[0m:([32m"Ignoring unknown decay channel: -15,-16,14,-13"[0m)

Decay table for : W+.
                 Total width: 2.0442 GeV
                Active width: 0.681391 GeV
               Flavour width: 2.085 GeV
----------------------------------------
24,2,-1           W+ --> u db              0.681726   GeV [disabled], BR= 33.3492 %
24,4,-3           W+ --> c sb              0.681088   GeV [disabled], BR= 33.318 %
24,12,-11         W+ --> ve e+             0.227242   GeV, BR= 11.1164 %
24,14,-13         W+ --> vmu mu+           0.227241   GeV, BR= 11.1163 %
24,16,-15         W+ --> vtau tau+         0.226909   GeV, BR= 11.1001 %
----------------------------------------

Decay table for : W-.
Total width:                  2.0442 GeV
Active width:                 0.681391 GeV
Flavour width:                2.085 GeV
----------------------------------------
-24,-2,1          W- --> ub d              0.681726   GeV [disabled], BR= 33.3492 %
-24,-4,3          W- --> cb s              0.681088   GeV [disabled], BR= 33.318 %
-24,-12,11        W- --> veb e-            0.227242   GeV, BR= 11.1164 %
-24,-14,13        W- --> vmub mu-          0.227241   GeV, BR= 11.1163 %
-24,-16,15        W- --> vtaub tau-        0.226909   GeV, BR= 11.1001 %
----------------------------------------

Decay table for : Z.
Total width:                  2.437 GeV
Flavour width:                2.4952 GeV
----------------------------------------
23,1,-1           Z --> d db               0.371675   GeV, BR= 15.2513 %
23,2,-2           Z --> u ub               0.289716   GeV, BR= 11.8882 %
23,3,-3           Z --> s sb               0.371675   GeV, BR= 15.2513 %
23,4,-4           Z --> c cb               0.289295   GeV, BR= 11.8709 %
23,5,-5           Z --> b bb               0.365513   GeV, BR= 14.9985 %
23,11,-11         Z --> e- e+              0.0839071  GeV, BR= 3.44304 %
23,12,-12         Z --> ve veb             0.165866   GeV, BR= 6.80614 %
23,13,-13         Z --> mu- mu+            0.0839064  GeV, BR= 3.44302 %
23,14,-14         Z --> vmu vmub           0.165866   GeV, BR= 6.80614 %
23,15,-15         Z --> tau- tau+          0.083716   GeV, BR= 3.4352 %
23,16,-16         Z --> vtau vtaub         0.165866   GeV, BR= 6.80614 %
23,-24,2,-1       Z --> W- u db            1.71517e-07(7.27088e-10) GeV, BR= 7.03801e-06 %
23,-24,4,-3       Z --> W- c sb            1.47179e-07(6.01994e-10) GeV, BR= 6.03933e-06 %
23,-24,12,-11     Z --> W- ve e+           5.67227e-08(2.39964e-10) GeV, BR= 2.32756e-06 %
23,-24,14,-13     Z --> W- vmu mu+         5.70435e-08(2.41082e-10) GeV, BR= 2.34072e-06 %
23,-24,16,-15     Z --> W- vtau tau+       4.55375e-08(1.85325e-10) GeV, BR= 1.86859e-06 %
23,24,-2,1        Z --> W+ ub d            1.69044e-07(7.18218e-10) GeV, BR= 6.93653e-06 %
23,24,-4,3        Z --> W+ cb s            1.47242e-07(6.02508e-10) GeV, BR= 6.04193e-06 %
23,24,-12,11      Z --> W+ veb e-          5.67149e-08(2.4042e-10) GeV, BR= 2.32724e-06 %
23,24,-14,13      Z --> W+ vmub mu-        5.67688e-08(2.40151e-10) GeV, BR= 2.32945e-06 %
23,24,-16,15      Z --> W+ vtaub tau-      4.56959e-08(1.85414e-10) GeV, BR= 1.87509e-06 %
----------------------------------------

Decay table for : h0.
Total width:                  0.0010948 GeV
Flavour width:                0.00407 GeV
----------------------------------------
25,-24,2,-1       h0 --> W- u db           0.000129272(1.90621e-07) GeV, BR= 11.8078 %
25,-24,4,-3       h0 --> W- c sb           0.000128456(1.87427e-07) GeV, BR= 11.7332 %
25,-24,12,-11     h0 --> W- ve e+          4.31587e-05(6.35319e-08) GeV, BR= 3.94215 %
25,-24,14,-13     h0 --> W- vmu mu+        4.31826e-05(6.34741e-08) GeV, BR= 3.94433 %
25,-24,16,-15     h0 --> W- vtau tau+      4.26636e-05(6.23421e-08) GeV, BR= 3.89692 %
25,24,-2,1        h0 --> W+ ub d           0.000129704(1.89896e-07) GeV, BR= 11.8472 %
25,24,-4,3        h0 --> W+ cb s           0.00012834(1.88284e-07) GeV, BR= 11.7227 %
25,24,-12,11      h0 --> W+ veb e-         4.3251e-05(6.31642e-08) GeV, BR= 3.95058 %
25,24,-14,13      h0 --> W+ vmub mu-       4.31604e-05(6.32398e-08) GeV, BR= 3.9423 %
25,24,-16,15      h0 --> W+ vtaub tau-     4.26096e-05(6.24832e-08) GeV, BR= 3.89199 %
25,23,1,-1        h0 --> Z d db            5.13281e-05(7.98268e-08) GeV, BR= 4.68834 %
25,23,2,-2        h0 --> Z u ub            4.01781e-05(6.23075e-08) GeV, BR= 3.66989 %
25,23,3,-3        h0 --> Z s sb            5.12305e-05(7.98583e-08) GeV, BR= 4.67942 %
25,23,4,-4        h0 --> Z c cb            3.88114e-05(5.98686e-08) GeV, BR= 3.54506 %
25,23,5,-5        h0 --> Z b bb            3.65147e-05(5.60074e-08) GeV, BR= 3.33528 %
25,23,11,-11      h0 --> Z e- e+           1.1608e-05(1.80831e-08) GeV, BR= 1.06028 %
25,23,12,-12      h0 --> Z ve veb          2.28823e-05(3.5697e-08) GeV, BR= 2.09008 %
25,23,13,-13      h0 --> Z mu- mu+         1.16104e-05(1.80311e-08) GeV, BR= 1.0605 %
25,23,14,-14      h0 --> Z vmu vmub        2.29069e-05(3.5752e-08) GeV, BR= 2.09233 %
25,23,15,-15      h0 --> Z tau- tau+       1.10512e-05(1.69547e-08) GeV, BR= 1.00943 %
25,23,16,-16      h0 --> Z vtau vtaub      2.28836e-05(3.56377e-08) GeV, BR= 2.0902 %
----------------------------------------

Decay table for : t.
Total width:                  1.49526 GeV
Flavour width:                2 GeV
----------------------------------------
6,24,5            t --> W+ b               1.49526    GeV, BR= 100   %
----------------------------------------

Decay table for : tb.
Total width:                  1.49526 GeV
Flavour width:                2 GeV
----------------------------------------
-6,-24,-5         tb --> W- bb             1.49526    GeV, BR= 100   %
----------------------------------------


+-----------------------------------------+
|   X   X   X XXXX  XXX  XXX  XXX         |
|  X X  XX XX X    X      X  X     X   X  |
| X   X X X X XXX  X XXX  X  X    XXX XXX |
| XXXXX X   X X    X   X  X  X     X   X  |
| X   X X   X XXXX  XXX  XXX  XXX         |
+-----------------------------------------+
| please cite: JHEP 0202:044,2002         |
+-----------------------------------------+
ME_Generator_Base::SetPSMasses(): Massive PS flavours for Comix: (c,cb,b,bb,e-,e+,mu-,mu+,tau-,tau+)
+----------------------------------+
|                                  |
|      [31mCCC[0m  [32mOOO[0m  [34mM[0m   [34mM[0m I [33mX[0m   [33mX[0m     |
|     [31mC[0m    [32mO[0m   [32mO[0m [34mMM[0m [34mMM[0m I  [33mX[0m [33mX[0m      |
|     [31mC[0m    [32mO[0m   [32mO[0m [34mM[0m [34mM[0m [34mM[0m I   [33mX[0m       |
|     [31mC[0m    [32mO[0m   [32mO[0m [34mM[0m   [34mM[0m I  [33mX[0m [33mX[0m      |
|      [31mCCC[0m  [32mOOO[0m  [34mM[0m   [34mM[0m I [33mX[0m   [33mX[0m     |
|                                  |
+==================================+
|  Color dressed  Matrix Elements  |
|     http://comix.freacafe.de     |
|   please cite  JHEP12(2008)039   |
+----------------------------------+
ME_Generator_Base::SetPSMasses(): Massive PS flavours for Amegic: (c,cb,b,bb,e-,e+,mu-,mu+,tau-,tau+)
Amegic::Initialize(): Set gauge 1.
ME_Generator_Base::SetPSMasses(): Massive PS flavours for Internal: (c,cb,b,bb,e-,e+,mu-,mu+,tau-,tau+)
Matrix_Element_Handler::BuildProcesses(): Looking for processes [1mSherpa: [0m[34mProcess_Group::ConstructProcesses[0m throws [1m[31mfatal error[0m[1m: 
   [0m[31mCorrupted map file '/home/pku/xiaoj/sherpa/20200622/CMSSW_10_2_20/src/A/B/python/SHERPATMP_ssww_mod4/TMP/Process/Sherpa/2_4__j__j__W+__W+__j__j.map'[0m
[1mException_Handler::GenerateStackTrace(..): [0m[34mGenerating stack trace [0m[1m
{[0m
  0x7f0a1e9f1850  in '[31mATOOLS::Terminate()[0m' ([36mException_Handler.C:137[0m)
  0x3fc3a1ed20    in '[31m__libc_start_main[0m' ([36m??:?[0m)
[1m}[0m
Exception_Handler::Terminate(): Pre-crash status saved to '/data/pku/home/xiaoj/sherpa/20200622/CMSSW_10_2_20/src/A/B/python/SHERPATMP_ssww_mod4/TMP/Status__Wed_Jul__8_05-53-01_2020'.
Thanks for using LHAPDF 6.2.1. Please make sure to cite the paper:
  Eur.Phys.J. C75 (2015) 3, 132  (http://arxiv.org/abs/1412.7420)
-------------------------------------------------------
Primary job  terminated normally, but 1 process returned
a non-zero exit code.. Per user-direction, the job has been aborted.
-------------------------------------------------------

[1mException_Handler::SignalHandler: [0m[34mSignal [0m[1m([31m15[0m[1m)[0m[34m caught. [0m
[0m   Cannot continue.[0m
[1mSherpa: [0m[34mProcess_Group::ConstructProcesses[0m throws [1m[31mfatal error[0m[1m: 
   [0m[31mCorrupted map file '/home/pku/xiaoj/sherpa/20200622/CMSSW_10_2_20/src/A/B/python/SHERPATMP_ssww_mod4/TMP/Process/Sherpa/2_4__j__j__W+__W+__j__j.map'[0m
Thanks for using LHAPDF 6.2.1. Please make sure to cite the paper:
  Eur.Phys.J. C75 (2015) 3, 132  (http://arxiv.org/abs/1412.7420)
Thanks for using LHAPDF 6.2.1. Please make sure to cite the paper:
  Eur.Phys.J. C75 (2015) 3, 132  (http://arxiv.org/abs/1412.7420)
--------------------------------------------------------------------------
mpirun detected that one or more processes exited with non-zero status, thus causing
the job to be terminated. The first process to do so was:

  Process name: [[30882,1],4]
  Exit code:    1
--------------------------------------------------------------------------
<I> ...generating events without MPI
Welcome to Sherpa, xiaoj. Initialization of framework underway.
The local time is Wed Jul  8 05:53:02 2020.
Run_Parameter::Init(): Seed mode '*'
Run_Parameter::Init(): Setting memory limit to 125.828 GB.
Random::SetSeed(): Seed set to 1234
-----------------------------------------------------------------------------
-----------    Event generation run with SHERPA started .......   -----------
-----------------------------------------------------------------------------
................................................ |       +                   
................................................ ||  |       +  +            
...................................        ....  | |         /   +           
................. ................   _,_ |  ....  ||         +|  +  +        
...............................  __.'  ,\|  ...  ||    /    +|          +    
.............................. (  \    \   ...  | |  |   + + \         +   
.............................  (    \   -/  .... ||       +    |          +  
........ ...................  <S   /()))))~~~~~~~~##     +     /\    +       
............................ (!H   (~~)))))~~~~~~#/     +  +    |  +         
................ ........... (!E   (~~~)))))     /|/    +         +          
............................ (!R   (~~~)))))   |||   + +            +        
..... ...................... (!P    (~~~~)))   /|  + +          +            
............................ (!A>    (~~~~~~~~~##        + +        +        
............................. ~~(!    '~~~~~~~ \       +     + +      +      
...............................  `~~~QQQQQDb //   |         + + +        +   
........................ ..........   IDDDDP||     \  + + + + +             +
....................................  IDDDI||       \                      + 
.................................... IHD HD||         \ + +  + + + + +      +
...................................  IHD ##|            :-) + +\          +  
......... ............... ......... IHI ## /      /   +  + + + +\       +    
................................... IHI/ /       /      + + + +        +     
................................... ## | | /    / + +      + + /      +      
....................... /TT\ .....  ##/ ///  / + + + + + + +/       +        
......................./TTT/T\ ... /TT\/\\\ / + + + + + + +/   \         +   
....................../TTT/TTTT\...|TT/T\\\/   +    ++  + /              
-----------------------------------------------------------------------------

     SHERPA version 2.2.8 (Cho Oyu)
                                                                             
     Authors:        Enrico Bothmann, Stefan Hoeche, Frank Krauss,           
                     Silvan Kuttimalai, Marek Schoenherr, Holger Schulz,     
                     Steffen Schumann, Frank Siegert, Korinna Zapp           
     Former Authors: Timo Fischer, Tanju Gleisberg, Hendrik Hoeth,           
                     Ralf Kuhn, Thomas Laubrich, Andreas Schaelicke,         
                     Jan Winter                                              
                                                                             
     This program uses a lot of genuine and original research work           
     by other people. Users are encouraged to refer to                       
     the various original publications.                                      
                                                                             
     Users are kindly asked to refer to the documentation                    
     published under JHEP 02(2009)007                                        
                                                                             
     Please visit also our homepage                                          
                                                                             
       http://sherpa.hepforge.org                                            
                                                                             
     for news, bugreports, updates and new releases.                         
                                                                             
-----------------------------------------------------------------------------

WARNING: You are using an unsupported development branch.
Git branch master, revision 6881713ab01a5b0b71db5e3d5db6895121272c0c.

Beam_Spectra_Handler : 
   type = Monochromatic*Monochromatic
   for    P+  ((6500,0,0,6500))
   and    P+  ((6500,0,0,-6500))
PDF set 'NNPDF31_nnlo_as_0118_mc_hessian_pdfas' loaded for beam 1 (P+).
PDF set 'NNPDF31_nnlo_as_0118_mc_hessian_pdfas' loaded for beam 2 (P+).
Initialized the ISR: (SF)*(SF)
One_Running_AlphaS::One_Running_AlphaS() {
  Setting \alpha_s according to PDF
  perturbative order 2
  \alpha_s(M_Z) = 0.118
}
One_Running_AlphaS::One_Running_AlphaS() {
  Setting \alpha_s according to PDF
  perturbative order 2
  \alpha_s(M_Z) = 0.118
}
 List of Particle Data 
  IDName     kfc  MASS[<kfc>]   WIDTH[<kfc>]  STABLE[<kfc>] MASSIVE[<kfc>]  ACTIVE[<kfc>]  YUKAWA[<kfc>]
       d       1         0.01              0              1              0              1              0
       u       2        0.005              0              1              0              1              0
       s       3          0.2              0              1              0              1              0
       c       4         1.42              0              1              0              1              0
       b       5          4.8              0              1              0              1              0
       t       6       173.21              2              0              1              1         173.21
      e-      11     0.000511              0              1              0              1              0
      ve      12            0              0              1              0              1              0
     mu-      13        0.105              0              1              0              1              0
     vmu      14            0              0              1              0              1              0
    tau-      15        1.777    2.26735e-12              0              0              1              0
    vtau      16            0              0              1              0              1              0
       G      21            0              0              1              0              1              0
       P      22            0              0              1              0              1              0
       Z      23      91.1876         2.4952              0              1              1        91.1876
      W+      24       80.385          2.085              0              1              1         80.385
      h0      25          125        0.00407              0              1              1            125

 List of Particle Containers 
    IDName     kfc     Constituents
         l      90     {e-,e+,mu-,mu+,tau-,tau+}
         v      91     {ve,veb,vmu,vmub,vtau,vtaub}
         j      93     {d,db,u,ub,s,sb,c,cb,b,bb,G}
         Q      94     {d,db,u,ub,s,sb,c,cb,b,bb}
         r      99     {d,db,u,ub,s,sb,c,cb,b,bb,G}

Hadron_Init::Init(): Initializing kf table for hadrons.
Initialized the Fragmentation_Handler.
Initialized the Soft_Collision_Handler.
CS_Shower::CS_Shower(): Set respect Q2 mode 0
CS_Shower::CS_Shower(): Set exclusive cluster mode 1.
CS_Shower::CS_Shower(): Set color setter mode 0
CS_Shower::CS_Shower(): Set respect Q2 mode 0
CS_Shower::CS_Shower(): Set exclusive cluster mode 1.
CS_Shower::CS_Shower(): Set color setter mode 0
Initialized the Shower_Handler.
Hard_Decay_Handler::SetDecayMasses(): Massive decay flavours: (c,cb,b,bb,e-,e+,mu-,mu+,tau-,tau+)
[34mHard_Decay_Handler::CustomizeDecayTables[0m:([32m"Ignoring unknown decay channel: 15,16,-12,11"[0m)
[34mHard_Decay_Handler::CustomizeDecayTables[0m:([32m"Ignoring unknown decay channel: 15,16,-14,13"[0m)
[34mHard_Decay_Handler::CustomizeDecayTables[0m:([32m"Ignoring unknown decay channel: -15,-16,12,-11"[0m)
[34mHard_Decay_Handler::CustomizeDecayTables[0m:([32m"Ignoring unknown decay channel: -15,-16,14,-13"[0m)

Decay table for : W+.
                 Total width: 2.0442 GeV
                Active width: 0.681391 GeV
               Flavour width: 2.085 GeV
----------------------------------------
24,2,-1           W+ --> u db              0.681726   GeV [disabled], BR= 33.3492 %
24,4,-3           W+ --> c sb              0.681088   GeV [disabled], BR= 33.318 %
24,12,-11         W+ --> ve e+             0.227242   GeV, BR= 11.1164 %
24,14,-13         W+ --> vmu mu+           0.227241   GeV, BR= 11.1163 %
24,16,-15         W+ --> vtau tau+         0.226909   GeV, BR= 11.1001 %
----------------------------------------

Decay table for : W-.
Total width:                  2.0442 GeV
Active width:                 0.681391 GeV
Flavour width:                2.085 GeV
----------------------------------------
-24,-2,1          W- --> ub d              0.681726   GeV [disabled], BR= 33.3492 %
-24,-4,3          W- --> cb s              0.681088   GeV [disabled], BR= 33.318 %
-24,-12,11        W- --> veb e-            0.227242   GeV, BR= 11.1164 %
-24,-14,13        W- --> vmub mu-          0.227241   GeV, BR= 11.1163 %
-24,-16,15        W- --> vtaub tau-        0.226909   GeV, BR= 11.1001 %
----------------------------------------

Decay table for : Z.
Total width:                  2.437 GeV
Flavour width:                2.4952 GeV
----------------------------------------
23,1,-1           Z --> d db               0.371675   GeV, BR= 15.2513 %
23,2,-2           Z --> u ub               0.289716   GeV, BR= 11.8882 %
23,3,-3           Z --> s sb               0.371675   GeV, BR= 15.2513 %
23,4,-4           Z --> c cb               0.289295   GeV, BR= 11.8709 %
23,5,-5           Z --> b bb               0.365513   GeV, BR= 14.9985 %
23,11,-11         Z --> e- e+              0.0839071  GeV, BR= 3.44304 %
23,12,-12         Z --> ve veb             0.165866   GeV, BR= 6.80614 %
23,13,-13         Z --> mu- mu+            0.0839064  GeV, BR= 3.44302 %
23,14,-14         Z --> vmu vmub           0.165866   GeV, BR= 6.80614 %
23,15,-15         Z --> tau- tau+          0.083716   GeV, BR= 3.4352 %
23,16,-16         Z --> vtau vtaub         0.165866   GeV, BR= 6.80614 %
23,-24,2,-1       Z --> W- u db            1.68214e-07(3.78279e-09) GeV, BR= 6.90248e-06 %
23,-24,4,-3       Z --> W- c sb            1.50469e-07(3.28367e-09) GeV, BR= 6.17436e-06 %
23,-24,12,-11     Z --> W- ve e+           5.62297e-08(1.23536e-09) GeV, BR= 2.30733e-06 %
23,-24,14,-13     Z --> W- vmu mu+         5.84189e-08(1.30246e-09) GeV, BR= 2.39716e-06 %
23,-24,16,-15     Z --> W- vtau tau+       4.54925e-08(9.71069e-10) GeV, BR= 1.86674e-06 %
23,24,-2,1        Z --> W+ ub d            1.68273e-07(3.81954e-09) GeV, BR= 6.90489e-06 %
23,24,-4,3        Z --> W+ cb s            1.46852e-07(3.20171e-09) GeV, BR= 6.02593e-06 %
23,24,-12,11      Z --> W+ veb e-          5.77982e-08(1.2853e-09) GeV, BR= 2.37169e-06 %
23,24,-14,13      Z --> W+ vmub mu-        5.82942e-08(1.29519e-09) GeV, BR= 2.39204e-06 %
23,24,-16,15      Z --> W+ vtaub tau-      4.55646e-08(9.83823e-10) GeV, BR= 1.8697e-06 %
----------------------------------------

Decay table for : h0.
Total width:                  0.00109702 GeV
Flavour width:                0.00407 GeV
----------------------------------------
25,-24,2,-1       h0 --> W- u db           0.000129768(9.98586e-07) GeV, BR= 11.8291 %
25,-24,4,-3       h0 --> W- c sb           0.000129759(9.76663e-07) GeV, BR= 11.8283 %
25,-24,12,-11     h0 --> W- ve e+          4.31272e-05(3.37187e-07) GeV, BR= 3.9313 %
25,-24,14,-13     h0 --> W- vmu mu+        4.36351e-05(3.3725e-07) GeV, BR= 3.97759 %
25,-24,16,-15     h0 --> W- vtau tau+      4.20763e-05(3.32879e-07) GeV, BR= 3.83549 %
25,24,-2,1        h0 --> W+ ub d           0.000130164(1.02439e-06) GeV, BR= 11.8652 %
25,24,-4,3        h0 --> W+ cb s           0.000127542(9.84299e-07) GeV, BR= 11.6262 %
25,24,-12,11      h0 --> W+ veb e-         4.40063e-05(3.33894e-07) GeV, BR= 4.01142 %
25,24,-14,13      h0 --> W+ vmub mu-       4.315e-05 (3.36702e-07) GeV, BR= 3.93337 %
25,24,-16,15      h0 --> W+ vtaub tau-     4.27353e-05(3.32772e-07) GeV, BR= 3.89556 %
25,23,1,-1        h0 --> Z d db            5.16927e-05(4.26492e-07) GeV, BR= 4.71209 %
25,23,2,-2        h0 --> Z u ub            4.04309e-05(3.18315e-07) GeV, BR= 3.68551 %
25,23,3,-3        h0 --> Z s sb            5.05281e-05(4.25127e-07) GeV, BR= 4.60593 %
25,23,4,-4        h0 --> Z c cb            3.88348e-05(3.19534e-07) GeV, BR= 3.54002 %
25,23,5,-5        h0 --> Z b bb            3.63412e-05(2.97189e-07) GeV, BR= 3.31271 %
25,23,11,-11      h0 --> Z e- e+           1.16972e-05(9.50864e-08) GeV, BR= 1.06627 %
25,23,12,-12      h0 --> Z ve veb          2.29127e-05(1.85463e-07) GeV, BR= 2.08862 %
25,23,13,-13      h0 --> Z mu- mu+         1.16972e-05(9.63117e-08) GeV, BR= 1.06627 %
25,23,14,-14      h0 --> Z vmu vmub        2.31465e-05(1.91488e-07) GeV, BR= 2.10994 %
25,23,15,-15      h0 --> Z tau- tau+       1.09331e-05(9.01405e-08) GeV, BR= 0.996617 %
25,23,16,-16      h0 --> Z vtau vtaub      2.28464e-05(1.8658e-07) GeV, BR= 2.08258 %
----------------------------------------

Decay table for : t.
Total width:                  1.49526 GeV
Flavour width:                2 GeV
----------------------------------------
6,24,5            t --> W+ b               1.49526    GeV, BR= 100   %
----------------------------------------

Decay table for : tb.
Total width:                  1.49526 GeV
Flavour width:                2 GeV
----------------------------------------
-6,-24,-5         tb --> W- bb             1.49526    GeV, BR= 100   %
----------------------------------------


+-----------------------------------------+
|   X   X   X XXXX  XXX  XXX  XXX         |
|  X X  XX XX X    X      X  X     X   X  |
| X   X X X X XXX  X XXX  X  X    XXX XXX |
| XXXXX X   X X    X   X  X  X     X   X  |
| X   X X   X XXXX  XXX  XXX  XXX         |
+-----------------------------------------+
| please cite: JHEP 0202:044,2002         |
+-----------------------------------------+
ME_Generator_Base::SetPSMasses(): Massive PS flavours for Comix: (c,cb,b,bb,e-,e+,mu-,mu+,tau-,tau+)
+----------------------------------+
|                                  |
|      [31mCCC[0m  [32mOOO[0m  [34mM[0m   [34mM[0m I [33mX[0m   [33mX[0m     |
|     [31mC[0m    [32mO[0m   [32mO[0m [34mMM[0m [34mMM[0m I  [33mX[0m [33mX[0m      |
|     [31mC[0m    [32mO[0m   [32mO[0m [34mM[0m [34mM[0m [34mM[0m I   [33mX[0m       |
|     [31mC[0m    [32mO[0m   [32mO[0m [34mM[0m   [34mM[0m I  [33mX[0m [33mX[0m      |
|      [31mCCC[0m  [32mOOO[0m  [34mM[0m   [34mM[0m I [33mX[0m   [33mX[0m     |
|                                  |
+==================================+
|  Color dressed  Matrix Elements  |
|     http://comix.freacafe.de     |
|   please cite  JHEP12(2008)039   |
+----------------------------------+
ME_Generator_Base::SetPSMasses(): Massive PS flavours for Amegic: (c,cb,b,bb,e-,e+,mu-,mu+,tau-,tau+)
Amegic::Initialize(): Set gauge 1.
ME_Generator_Base::SetPSMasses(): Massive PS flavours for Internal: (c,cb,b,bb,e-,e+,mu-,mu+,tau-,tau+)
Matrix_Element_Handler::BuildProcesses(): Looking for processes [1mSherpa: [0m[34mProcess_Group::ConstructProcesses[0m throws [1m[31mfatal error[0m[1m: 
   [0m[31mCorrupted map file '/home/pku/xiaoj/sherpa/20200622/CMSSW_10_2_20/src/A/B/python/SHERPATMP_ssww_mod4/TMP/Process/Sherpa/2_4__j__j__W+__W+__j__j.map'[0m
[1mException_Handler::GenerateStackTrace(..): [0m[34mGenerating stack trace [0m[1m
{[0m
  0x7fd8b1a3f850  in '[31mATOOLS::Terminate()[0m' ([36mException_Handler.C:137[0m)
  0x3fc3a1ed20    in '[31m__libc_start_main[0m' ([36m??:?[0m)
[1m}[0m
Exception_Handler::Terminate(): Pre-crash status saved to '/data/pku/home/xiaoj/sherpa/20200622/CMSSW_10_2_20/src/A/B/python/SHERPATMP_ssww_mod4/TMP/Status__Wed_Jul__8_05-53-05_2020'.
WARNING: You are using an unsupported development branch.
------------------------------------------------------------------------
[1mPlease cite the publications listed in '[31mSherpa_References.tex[0m[1m'.[0m
  Extract the bibtex list by running 'get_bibtex Sherpa_References.tex'
  or email the file to 'slaclib2@slac.stanford.edu', subject 'generate'.
------------------------------------------------------------------------
[1mException_Handler::Exit: [0m[34mExiting Sherpa with code [0m[1m([31m1[0m[1m)[0m[?25h
Thanks for using LHAPDF 6.2.1. Please make sure to cite the paper:
  Eur.Phys.J. C75 (2015) 3, 132  (http://arxiv.org/abs/1412.7420)
 <I> MPI (mult. part. int.) grid located in 
 <I> MPI (mult. part. int.) file found: 
